<?xml version="1.0" encoding="UTF-8"?>
<!-- Generated by org.testng.reporters.JUnitReportReporter -->
<testsuite hostname="Basims-MacBook-Pro.local" failures="0" tests="2" name="tests.AuthenticationTestGit" time="4.211" errors="0" timestamp="18 Jul 2021 11:53:04 GMT" skipped="0">
  <testcase classname="tests.AuthenticationTestGit" name="registerWithInValidMail" time="2.343"/>
  <testcase classname="tests.AuthenticationTestGit" name="registerWithValidMail" time="1.868"/>
</testsuite> <!-- tests.AuthenticationTestGit -->
