<?xml version="1.0" encoding="UTF-8"?>
<!-- Generated by org.testng.reporters.JUnitReportReporter -->
<testsuite hostname="Basims-MacBook-Pro.local" failures="0" tests="2" name="tests.AuthenticationTestGit" time="10.048" errors="0" timestamp="18 Jul 2021 13:41:03 GMT" skipped="0">
  <testcase classname="tests.AuthenticationTestGit" name="registerWithInValidMail" time="5.619"/>
  <testcase classname="tests.AuthenticationTestGit" name="registerWithValidMail" time="4.429"/>
</testsuite> <!-- tests.AuthenticationTestGit -->
